<?xml version="1.0" encoding="UTF-8"?>
<coverage generated="1646079838269" clover="3.2.0">
  <project timestamp="1646079838269" name="All files">
    <metrics statements="99" coveredstatements="99" conditionals="37" coveredconditionals="36" methods="28" coveredmethods="28" elements="164" coveredelements="163" complexity="0" loc="99" ncloc="99" packages="1" files="8" classes="8"/>
    <file name="Coupon.js" path="C:\max\Curso Clean Code e Clean Architecture\dist\src\Coupon.js">
      <metrics statements="9" coveredstatements="9" conditionals="3" coveredconditionals="3" methods="3" coveredmethods="3"/>
      <line num="2" count="2" type="stmt"/>
      <line num="5" count="5" type="stmt"/>
      <line num="6" count="5" type="stmt"/>
      <line num="7" count="5" type="stmt"/>
      <line num="10" count="4" type="cond" truecount="2" falsecount="0"/>
      <line num="11" count="2" type="stmt"/>
      <line num="12" count="2" type="stmt"/>
      <line num="15" count="2" type="stmt"/>
      <line num="18" count="2" type="stmt"/>
    </file>
    <file name="Cpf.js" path="C:\max\Curso Clean Code e Clean Architecture\dist\src\Cpf.js">
      <metrics statements="31" coveredstatements="31" conditionals="12" coveredconditionals="12" methods="9" coveredmethods="9"/>
      <line num="2" count="2" type="stmt"/>
      <line num="5" count="13" type="stmt"/>
      <line num="6" count="13" type="stmt"/>
      <line num="7" count="13" type="cond" truecount="2" falsecount="0"/>
      <line num="8" count="7" type="stmt"/>
      <line num="9" count="6" type="stmt"/>
      <line num="12" count="1" type="stmt"/>
      <line num="15" count="13" type="cond" truecount="2" falsecount="0"/>
      <line num="16" count="1" type="stmt"/>
      <line num="17" count="12" type="stmt"/>
      <line num="18" count="12" type="cond" truecount="2" falsecount="0"/>
      <line num="19" count="2" type="stmt"/>
      <line num="20" count="10" type="cond" truecount="2" falsecount="0"/>
      <line num="21" count="3" type="stmt"/>
      <line num="22" count="7" type="stmt"/>
      <line num="23" count="7" type="stmt"/>
      <line num="24" count="7" type="stmt"/>
      <line num="25" count="7" type="stmt"/>
      <line num="26" count="7" type="stmt"/>
      <line num="29" count="12" type="stmt"/>
      <line num="32" count="12" type="stmt"/>
      <line num="35" count="10" type="stmt"/>
      <line num="36" count="47" type="stmt"/>
      <line num="39" count="14" type="stmt"/>
      <line num="40" count="14" type="stmt"/>
      <line num="41" count="154" type="cond" truecount="2" falsecount="0"/>
      <line num="42" count="133" type="stmt"/>
      <line num="44" count="14" type="stmt"/>
      <line num="45" count="14" type="cond" truecount="2" falsecount="0"/>
      <line num="48" count="7" type="stmt"/>
      <line num="51" count="2" type="stmt"/>
    </file>
    <file name="Dimension.js" path="C:\max\Curso Clean Code e Clean Architecture\dist\src\Dimension.js">
      <metrics statements="6" coveredstatements="6" conditionals="0" coveredconditionals="0" methods="2" coveredmethods="2"/>
      <line num="2" count="5" type="stmt"/>
      <line num="5" count="10" type="stmt"/>
      <line num="6" count="10" type="stmt"/>
      <line num="7" count="10" type="stmt"/>
      <line num="10" count="17" type="stmt"/>
      <line num="13" count="5" type="stmt"/>
    </file>
    <file name="Freight.js" path="C:\max\Curso Clean Code e Clean Architecture\dist\src\Freight.js">
      <metrics statements="8" coveredstatements="8" conditionals="4" coveredconditionals="4" methods="3" coveredmethods="3"/>
      <line num="2" count="2" type="stmt"/>
      <line num="5" count="7" type="stmt"/>
      <line num="6" count="7" type="stmt"/>
      <line num="9" count="15" type="stmt"/>
      <line num="12" count="7" type="cond" truecount="4" falsecount="0"/>
      <line num="13" count="2" type="stmt"/>
      <line num="15" count="5" type="stmt"/>
      <line num="18" count="2" type="stmt"/>
    </file>
    <file name="FreightCalculator.js" path="C:\max\Curso Clean Code e Clean Architecture\dist\src\FreightCalculator.js">
      <metrics statements="3" coveredstatements="3" conditionals="0" coveredconditionals="0" methods="1" coveredmethods="1"/>
      <line num="2" count="1" type="stmt"/>
      <line num="5" count="1" type="stmt"/>
      <line num="8" count="1" type="stmt"/>
    </file>
    <file name="Item.js" path="C:\max\Curso Clean Code e Clean Architecture\dist\src\Item.js">
      <metrics statements="14" coveredstatements="14" conditionals="6" coveredconditionals="6" methods="3" coveredmethods="3"/>
      <line num="2" count="4" type="stmt"/>
      <line num="5" count="18" type="stmt"/>
      <line num="6" count="18" type="stmt"/>
      <line num="7" count="18" type="stmt"/>
      <line num="8" count="18" type="stmt"/>
      <line num="9" count="18" type="stmt"/>
      <line num="10" count="18" type="stmt"/>
      <line num="13" count="17" type="cond" truecount="2" falsecount="0"/>
      <line num="14" count="8" type="stmt"/>
      <line num="16" count="9" type="stmt"/>
      <line num="19" count="17" type="cond" truecount="4" falsecount="0"/>
      <line num="20" count="8" type="stmt"/>
      <line num="22" count="9" type="stmt"/>
      <line num="25" count="4" type="stmt"/>
    </file>
    <file name="Order.js" path="C:\max\Curso Clean Code e Clean Architecture\dist\src\Order.js">
      <metrics statements="22" coveredstatements="22" conditionals="12" coveredconditionals="11" methods="5" coveredmethods="5"/>
      <line num="2" count="1" type="cond" truecount="3" falsecount="0"/>
      <line num="3" count="3" type="cond" truecount="3" falsecount="1"/>
      <line num="5" count="1" type="stmt"/>
      <line num="6" count="1" type="stmt"/>
      <line num="7" count="1" type="stmt"/>
      <line num="8" count="1" type="stmt"/>
      <line num="11" count="7" type="stmt"/>
      <line num="12" count="7" type="stmt"/>
      <line num="13" count="5" type="stmt"/>
      <line num="14" count="5" type="stmt"/>
      <line num="17" count="13" type="stmt"/>
      <line num="18" count="13" type="stmt"/>
      <line num="21" count="2" type="cond" truecount="2" falsecount="0"/>
      <line num="22" count="1" type="stmt"/>
      <line num="26" count="5" type="stmt"/>
      <line num="27" count="5" type="stmt"/>
      <line num="28" count="13" type="stmt"/>
      <line num="30" count="5" type="cond" truecount="2" falsecount="0"/>
      <line num="31" count="1" type="stmt"/>
      <line num="33" count="5" type="stmt"/>
      <line num="34" count="5" type="stmt"/>
      <line num="37" count="1" type="stmt"/>
    </file>
    <file name="OrderItem.js" path="C:\max\Curso Clean Code e Clean Architecture\dist\src\OrderItem.js">
      <metrics statements="6" coveredstatements="6" conditionals="0" coveredconditionals="0" methods="2" coveredmethods="2"/>
      <line num="2" count="2" type="stmt"/>
      <line num="5" count="14" type="stmt"/>
      <line num="6" count="14" type="stmt"/>
      <line num="7" count="14" type="stmt"/>
      <line num="10" count="14" type="stmt"/>
      <line num="13" count="2" type="stmt"/>
    </file>
  </project>
</coverage>
