{"C:\\max\\Curso Clean Code e Clean Architecture\\dist\\src\\Cpf.js": {"path":"C:\\max\\Curso Clean Code e Clean Architecture\\dist\\src\\Cpf.js","statementMap":{"0":{"start":{"line":2,"column":0},"end":{"line":2,"column":62}},"1":{"start":{"line":5,"column":8},"end":{"line":6,"column":43}},"2":{"start":{"line":6,"column":12},"end":{"line":6,"column":43}},"3":{"start":{"line":7,"column":8},"end":{"line":7,"column":27}},"4":{"start":{"line":10,"column":8},"end":{"line":11,"column":25}},"5":{"start":{"line":11,"column":12},"end":{"line":11,"column":25}},"6":{"start":{"line":12,"column":8},"end":{"line":12,"column":30}},"7":{"start":{"line":13,"column":8},"end":{"line":14,"column":25}},"8":{"start":{"line":14,"column":12},"end":{"line":14,"column":25}},"9":{"start":{"line":15,"column":8},"end":{"line":16,"column":25}},"10":{"start":{"line":16,"column":12},"end":{"line":16,"column":25}},"11":{"start":{"line":17,"column":23},"end":{"line":17,"column":51}},"12":{"start":{"line":18,"column":23},"end":{"line":18,"column":51}},"13":{"start":{"line":19,"column":32},"end":{"line":19,"column":52}},"14":{"start":{"line":20,"column":28},"end":{"line":20,"column":40}},"15":{"start":{"line":21,"column":8},"end":{"line":21,"column":47}},"16":{"start":{"line":24,"column":20},"end":{"line":24,"column":21}},"17":{"start":{"line":25,"column":8},"end":{"line":28,"column":9}},"18":{"start":{"line":26,"column":12},"end":{"line":27,"column":52}},"19":{"start":{"line":27,"column":16},"end":{"line":27,"column":52}},"20":{"start":{"line":29,"column":21},"end":{"line":29,"column":31}},"21":{"start":{"line":30,"column":8},"end":{"line":30,"column":42}},"22":{"start":{"line":33,"column":8},"end":{"line":33,"column":38}},"23":{"start":{"line":36,"column":8},"end":{"line":36,"column":33}},"24":{"start":{"line":39,"column":29},"end":{"line":39,"column":32}},"25":{"start":{"line":40,"column":8},"end":{"line":40,"column":61}},"26":{"start":{"line":40,"column":39},"end":{"line":40,"column":59}},"27":{"start":{"line":43,"column":0},"end":{"line":43,"column":22}}},"fnMap":{"0":{"name":"(anonymous_0)","decl":{"start":{"line":4,"column":4},"end":{"line":4,"column":5}},"loc":{"start":{"line":4,"column":23},"end":{"line":8,"column":5}},"line":4},"1":{"name":"(anonymous_1)","decl":{"start":{"line":9,"column":4},"end":{"line":9,"column":5}},"loc":{"start":{"line":9,"column":18},"end":{"line":22,"column":5}},"line":9},"2":{"name":"(anonymous_2)","decl":{"start":{"line":23,"column":4},"end":{"line":23,"column":5}},"loc":{"start":{"line":23,"column":32},"end":{"line":31,"column":5}},"line":23},"3":{"name":"(anonymous_3)","decl":{"start":{"line":32,"column":4},"end":{"line":32,"column":5}},"loc":{"start":{"line":32,"column":15},"end":{"line":34,"column":5}},"line":32},"4":{"name":"(anonymous_4)","decl":{"start":{"line":35,"column":4},"end":{"line":35,"column":5}},"loc":{"start":{"line":35,"column":26},"end":{"line":37,"column":5}},"line":35},"5":{"name":"(anonymous_5)","decl":{"start":{"line":38,"column":4},"end":{"line":38,"column":5}},"loc":{"start":{"line":38,"column":19},"end":{"line":41,"column":5}},"line":38},"6":{"name":"(anonymous_6)","decl":{"start":{"line":40,"column":30},"end":{"line":40,"column":31}},"loc":{"start":{"line":40,"column":39},"end":{"line":40,"column":59}},"line":40}},"branchMap":{"0":{"loc":{"start":{"line":5,"column":8},"end":{"line":6,"column":43}},"type":"if","locations":[{"start":{"line":5,"column":8},"end":{"line":6,"column":43}},{"start":{},"end":{}}],"line":5},"1":{"loc":{"start":{"line":10,"column":8},"end":{"line":11,"column":25}},"type":"if","locations":[{"start":{"line":10,"column":8},"end":{"line":11,"column":25}},{"start":{},"end":{}}],"line":10},"2":{"loc":{"start":{"line":13,"column":8},"end":{"line":14,"column":25}},"type":"if","locations":[{"start":{"line":13,"column":8},"end":{"line":14,"column":25}},{"start":{},"end":{}}],"line":13},"3":{"loc":{"start":{"line":15,"column":8},"end":{"line":16,"column":25}},"type":"if","locations":[{"start":{"line":15,"column":8},"end":{"line":16,"column":25}},{"start":{},"end":{}}],"line":15},"4":{"loc":{"start":{"line":26,"column":12},"end":{"line":27,"column":52}},"type":"if","locations":[{"start":{"line":26,"column":12},"end":{"line":27,"column":52}},{"start":{},"end":{}}],"line":26},"5":{"loc":{"start":{"line":30,"column":15},"end":{"line":30,"column":41}},"type":"cond-expr","locations":[{"start":{"line":30,"column":28},"end":{"line":30,"column":29}},{"start":{"line":30,"column":32},"end":{"line":30,"column":41}}],"line":30}},"s":{"0":1,"1":6,"2":5,"3":1,"4":6,"5":1,"6":5,"7":5,"8":2,"9":3,"10":1,"11":2,"12":2,"13":2,"14":2,"15":2,"16":4,"17":4,"18":44,"19":38,"20":4,"21":4,"22":5,"23":5,"24":3,"25":3,"26":15,"27":1},"f":{"0":6,"1":6,"2":4,"3":5,"4":5,"5":3,"6":15},"b":{"0":[5,1],"1":[1,5],"2":[2,3],"3":[1,2],"4":[38,6],"5":[2,2]},"_coverageSchema":"1a1c01bbd47fc00a2c39e90264f33305004495a9","hash":"cfd4565f373eb780de7489c06530bbd670f7956e"}
}
