{"C:\\max\\Curso Clean Code e Clean Architecture\\dist\\src\\Coupon.js": {"path":"C:\\max\\Curso Clean Code e Clean Architecture\\dist\\src\\Coupon.js","statementMap":{"0":{"start":{"line":2,"column":0},"end":{"line":2,"column":62}},"1":{"start":{"line":5,"column":8},"end":{"line":5,"column":25}},"2":{"start":{"line":6,"column":8},"end":{"line":6,"column":37}},"3":{"start":{"line":7,"column":8},"end":{"line":7,"column":37}},"4":{"start":{"line":10,"column":8},"end":{"line":11,"column":25}},"5":{"start":{"line":11,"column":12},"end":{"line":11,"column":25}},"6":{"start":{"line":12,"column":8},"end":{"line":12,"column":59}},"7":{"start":{"line":15,"column":8},"end":{"line":15,"column":48}},"8":{"start":{"line":18,"column":0},"end":{"line":18,"column":25}}},"fnMap":{"0":{"name":"(anonymous_0)","decl":{"start":{"line":4,"column":4},"end":{"line":4,"column":5}},"loc":{"start":{"line":4,"column":46},"end":{"line":8,"column":5}},"line":4},"1":{"name":"(anonymous_1)","decl":{"start":{"line":9,"column":4},"end":{"line":9,"column":5}},"loc":{"start":{"line":9,"column":34},"end":{"line":13,"column":5}},"line":9},"2":{"name":"(anonymous_2)","decl":{"start":{"line":14,"column":4},"end":{"line":14,"column":5}},"loc":{"start":{"line":14,"column":30},"end":{"line":16,"column":5}},"line":14}},"branchMap":{"0":{"loc":{"start":{"line":9,"column":14},"end":{"line":9,"column":32}},"type":"default-arg","locations":[{"start":{"line":9,"column":22},"end":{"line":9,"column":32}}],"line":9},"1":{"loc":{"start":{"line":10,"column":8},"end":{"line":11,"column":25}},"type":"if","locations":[{"start":{"line":10,"column":8},"end":{"line":11,"column":25}},{"start":{},"end":{}}],"line":10}},"s":{"0":2,"1":5,"2":5,"3":5,"4":4,"5":2,"6":2,"7":2,"8":2},"f":{"0":5,"1":4,"2":2},"b":{"0":[1],"1":[2,2]},"_coverageSchema":"1a1c01bbd47fc00a2c39e90264f33305004495a9","hash":"d38d85df8b01400758ca7c8aa658ff26089446e2"}
,"C:\\max\\Curso Clean Code e Clean Architecture\\dist\\src\\Cpf.js": {"path":"C:\\max\\Curso Clean Code e Clean Architecture\\dist\\src\\Cpf.js","statementMap":{"0":{"start":{"line":2,"column":0},"end":{"line":2,"column":62}},"1":{"start":{"line":5,"column":8},"end":{"line":5,"column":33}},"2":{"start":{"line":6,"column":8},"end":{"line":6,"column":33}},"3":{"start":{"line":7,"column":8},"end":{"line":8,"column":44}},"4":{"start":{"line":8,"column":12},"end":{"line":8,"column":44}},"5":{"start":{"line":9,"column":8},"end":{"line":9,"column":27}},"6":{"start":{"line":12,"column":8},"end":{"line":12,"column":26}},"7":{"start":{"line":15,"column":8},"end":{"line":16,"column":25}},"8":{"start":{"line":16,"column":12},"end":{"line":16,"column":25}},"9":{"start":{"line":17,"column":8},"end":{"line":17,"column":33}},"10":{"start":{"line":18,"column":8},"end":{"line":19,"column":25}},"11":{"start":{"line":19,"column":12},"end":{"line":19,"column":25}},"12":{"start":{"line":20,"column":8},"end":{"line":21,"column":25}},"13":{"start":{"line":21,"column":12},"end":{"line":21,"column":25}},"14":{"start":{"line":22,"column":23},"end":{"line":22,"column":73}},"15":{"start":{"line":23,"column":23},"end":{"line":23,"column":73}},"16":{"start":{"line":24,"column":27},"end":{"line":24,"column":54}},"17":{"start":{"line":25,"column":32},"end":{"line":25,"column":52}},"18":{"start":{"line":26,"column":8},"end":{"line":26,"column":45}},"19":{"start":{"line":29,"column":8},"end":{"line":29,"column":42}},"20":{"start":{"line":32,"column":8},"end":{"line":32,"column":33}},"21":{"start":{"line":35,"column":29},"end":{"line":35,"column":32}},"22":{"start":{"line":36,"column":8},"end":{"line":36,"column":61}},"23":{"start":{"line":36,"column":39},"end":{"line":36,"column":59}},"24":{"start":{"line":39,"column":20},"end":{"line":39,"column":21}},"25":{"start":{"line":40,"column":8},"end":{"line":43,"column":9}},"26":{"start":{"line":41,"column":12},"end":{"line":42,"column":52}},"27":{"start":{"line":42,"column":16},"end":{"line":42,"column":52}},"28":{"start":{"line":44,"column":21},"end":{"line":44,"column":31}},"29":{"start":{"line":45,"column":8},"end":{"line":45,"column":44}},"30":{"start":{"line":48,"column":8},"end":{"line":48,"column":29}},"31":{"start":{"line":51,"column":0},"end":{"line":51,"column":22}}},"fnMap":{"0":{"name":"(anonymous_0)","decl":{"start":{"line":4,"column":4},"end":{"line":4,"column":5}},"loc":{"start":{"line":4,"column":23},"end":{"line":10,"column":5}},"line":4},"1":{"name":"(anonymous_1)","decl":{"start":{"line":11,"column":4},"end":{"line":11,"column":5}},"loc":{"start":{"line":11,"column":15},"end":{"line":13,"column":5}},"line":11},"2":{"name":"(anonymous_2)","decl":{"start":{"line":14,"column":4},"end":{"line":14,"column":5}},"loc":{"start":{"line":14,"column":18},"end":{"line":27,"column":5}},"line":14},"3":{"name":"(anonymous_3)","decl":{"start":{"line":28,"column":4},"end":{"line":28,"column":5}},"loc":{"start":{"line":28,"column":18},"end":{"line":30,"column":5}},"line":28},"4":{"name":"(anonymous_4)","decl":{"start":{"line":31,"column":4},"end":{"line":31,"column":5}},"loc":{"start":{"line":31,"column":23},"end":{"line":33,"column":5}},"line":31},"5":{"name":"(anonymous_5)","decl":{"start":{"line":34,"column":4},"end":{"line":34,"column":5}},"loc":{"start":{"line":34,"column":27},"end":{"line":37,"column":5}},"line":34},"6":{"name":"(anonymous_6)","decl":{"start":{"line":36,"column":30},"end":{"line":36,"column":31}},"loc":{"start":{"line":36,"column":39},"end":{"line":36,"column":59}},"line":36},"7":{"name":"(anonymous_7)","decl":{"start":{"line":38,"column":4},"end":{"line":38,"column":5}},"loc":{"start":{"line":38,"column":37},"end":{"line":46,"column":5}},"line":38},"8":{"name":"(anonymous_8)","decl":{"start":{"line":47,"column":4},"end":{"line":47,"column":5}},"loc":{"start":{"line":47,"column":27},"end":{"line":49,"column":5}},"line":47}},"branchMap":{"0":{"loc":{"start":{"line":7,"column":8},"end":{"line":8,"column":44}},"type":"if","locations":[{"start":{"line":7,"column":8},"end":{"line":8,"column":44}},{"start":{},"end":{}}],"line":7},"1":{"loc":{"start":{"line":15,"column":8},"end":{"line":16,"column":25}},"type":"if","locations":[{"start":{"line":15,"column":8},"end":{"line":16,"column":25}},{"start":{},"end":{}}],"line":15},"2":{"loc":{"start":{"line":18,"column":8},"end":{"line":19,"column":25}},"type":"if","locations":[{"start":{"line":18,"column":8},"end":{"line":19,"column":25}},{"start":{},"end":{}}],"line":18},"3":{"loc":{"start":{"line":20,"column":8},"end":{"line":21,"column":25}},"type":"if","locations":[{"start":{"line":20,"column":8},"end":{"line":21,"column":25}},{"start":{},"end":{}}],"line":20},"4":{"loc":{"start":{"line":41,"column":12},"end":{"line":42,"column":52}},"type":"if","locations":[{"start":{"line":41,"column":12},"end":{"line":42,"column":52}},{"start":{},"end":{}}],"line":41},"5":{"loc":{"start":{"line":45,"column":15},"end":{"line":45,"column":43}},"type":"cond-expr","locations":[{"start":{"line":45,"column":28},"end":{"line":45,"column":29}},{"start":{"line":45,"column":33},"end":{"line":45,"column":42}}],"line":45}},"s":{"0":2,"1":13,"2":13,"3":13,"4":7,"5":6,"6":1,"7":13,"8":1,"9":12,"10":12,"11":2,"12":10,"13":3,"14":7,"15":7,"16":7,"17":7,"18":7,"19":12,"20":12,"21":10,"22":10,"23":47,"24":14,"25":14,"26":154,"27":133,"28":14,"29":14,"30":7,"31":2},"f":{"0":13,"1":1,"2":13,"3":12,"4":12,"5":10,"6":47,"7":14,"8":7},"b":{"0":[7,6],"1":[1,12],"2":[2,10],"3":[3,7],"4":[133,21],"5":[7,7]},"_coverageSchema":"1a1c01bbd47fc00a2c39e90264f33305004495a9","hash":"78300a1e95909d560149780402e85994999dfe7d"}
,"C:\\max\\Curso Clean Code e Clean Architecture\\dist\\src\\Dimension.js": {"path":"C:\\max\\Curso Clean Code e Clean Architecture\\dist\\src\\Dimension.js","statementMap":{"0":{"start":{"line":2,"column":0},"end":{"line":2,"column":62}},"1":{"start":{"line":5,"column":8},"end":{"line":5,"column":27}},"2":{"start":{"line":6,"column":8},"end":{"line":6,"column":29}},"3":{"start":{"line":7,"column":8},"end":{"line":7,"column":29}},"4":{"start":{"line":10,"column":8},"end":{"line":10,"column":72}},"5":{"start":{"line":13,"column":0},"end":{"line":13,"column":28}}},"fnMap":{"0":{"name":"(anonymous_0)","decl":{"start":{"line":4,"column":4},"end":{"line":4,"column":5}},"loc":{"start":{"line":4,"column":39},"end":{"line":8,"column":5}},"line":4},"1":{"name":"(anonymous_1)","decl":{"start":{"line":9,"column":4},"end":{"line":9,"column":5}},"loc":{"start":{"line":9,"column":16},"end":{"line":11,"column":5}},"line":9}},"branchMap":{},"s":{"0":5,"1":10,"2":10,"3":10,"4":17,"5":5},"f":{"0":10,"1":17},"b":{},"_coverageSchema":"1a1c01bbd47fc00a2c39e90264f33305004495a9","hash":"9ccb3d13bd1229b34efef7d307fa294857276939"}
,"C:\\max\\Curso Clean Code e Clean Architecture\\dist\\src\\Freight.js": {"path":"C:\\max\\Curso Clean Code e Clean Architecture\\dist\\src\\Freight.js","statementMap":{"0":{"start":{"line":2,"column":0},"end":{"line":2,"column":62}},"1":{"start":{"line":5,"column":8},"end":{"line":5,"column":29}},"2":{"start":{"line":6,"column":8},"end":{"line":6,"column":23}},"3":{"start":{"line":9,"column":8},"end":{"line":9,"column":94}},"4":{"start":{"line":12,"column":8},"end":{"line":14,"column":9}},"5":{"start":{"line":13,"column":12},"end":{"line":13,"column":22}},"6":{"start":{"line":15,"column":8},"end":{"line":15,"column":26}},"7":{"start":{"line":18,"column":0},"end":{"line":18,"column":26}}},"fnMap":{"0":{"name":"(anonymous_0)","decl":{"start":{"line":4,"column":4},"end":{"line":4,"column":5}},"loc":{"start":{"line":4,"column":18},"end":{"line":7,"column":5}},"line":4},"1":{"name":"(anonymous_1)","decl":{"start":{"line":8,"column":4},"end":{"line":8,"column":5}},"loc":{"start":{"line":8,"column":28},"end":{"line":10,"column":5}},"line":8},"2":{"name":"(anonymous_2)","decl":{"start":{"line":11,"column":4},"end":{"line":11,"column":5}},"loc":{"start":{"line":11,"column":15},"end":{"line":16,"column":5}},"line":11}},"branchMap":{"0":{"loc":{"start":{"line":12,"column":8},"end":{"line":14,"column":9}},"type":"if","locations":[{"start":{"line":12,"column":8},"end":{"line":14,"column":9}},{"start":{},"end":{}}],"line":12},"1":{"loc":{"start":{"line":12,"column":12},"end":{"line":12,"column":45}},"type":"binary-expr","locations":[{"start":{"line":12,"column":12},"end":{"line":12,"column":26}},{"start":{"line":12,"column":30},"end":{"line":12,"column":45}}],"line":12}},"s":{"0":2,"1":7,"2":7,"3":15,"4":7,"5":2,"6":5,"7":2},"f":{"0":7,"1":15,"2":7},"b":{"0":[2,5],"1":[7,4]},"_coverageSchema":"1a1c01bbd47fc00a2c39e90264f33305004495a9","hash":"ea8e3e3a7b26e54f1475ca7b88c515e64e165cd7"}
,"C:\\max\\Curso Clean Code e Clean Architecture\\dist\\src\\FreightCalculator.js": {"path":"C:\\max\\Curso Clean Code e Clean Architecture\\dist\\src\\FreightCalculator.js","statementMap":{"0":{"start":{"line":2,"column":0},"end":{"line":2,"column":62}},"1":{"start":{"line":5,"column":8},"end":{"line":5,"column":78}},"2":{"start":{"line":8,"column":0},"end":{"line":8,"column":36}}},"fnMap":{"0":{"name":"(anonymous_0)","decl":{"start":{"line":4,"column":4},"end":{"line":4,"column":5}},"loc":{"start":{"line":4,"column":37},"end":{"line":6,"column":5}},"line":4}},"branchMap":{},"s":{"0":1,"1":1,"2":1},"f":{"0":1},"b":{},"_coverageSchema":"1a1c01bbd47fc00a2c39e90264f33305004495a9","hash":"f198ab7cd45c43e1e5e6184dd9e44e0353ff9f0a"}
,"C:\\max\\Curso Clean Code e Clean Architecture\\dist\\src\\Item.js": {"path":"C:\\max\\Curso Clean Code e Clean Architecture\\dist\\src\\Item.js","statementMap":{"0":{"start":{"line":2,"column":0},"end":{"line":2,"column":62}},"1":{"start":{"line":5,"column":8},"end":{"line":5,"column":29}},"2":{"start":{"line":6,"column":8},"end":{"line":6,"column":33}},"3":{"start":{"line":7,"column":8},"end":{"line":7,"column":39}},"4":{"start":{"line":8,"column":8},"end":{"line":8,"column":27}},"5":{"start":{"line":9,"column":8},"end":{"line":9,"column":35}},"6":{"start":{"line":10,"column":8},"end":{"line":10,"column":29}},"7":{"start":{"line":13,"column":8},"end":{"line":15,"column":9}},"8":{"start":{"line":14,"column":12},"end":{"line":14,"column":46}},"9":{"start":{"line":16,"column":8},"end":{"line":16,"column":17}},"10":{"start":{"line":19,"column":8},"end":{"line":21,"column":9}},"11":{"start":{"line":20,"column":12},"end":{"line":20,"column":60}},"12":{"start":{"line":22,"column":8},"end":{"line":22,"column":17}},"13":{"start":{"line":25,"column":0},"end":{"line":25,"column":23}}},"fnMap":{"0":{"name":"(anonymous_0)","decl":{"start":{"line":4,"column":4},"end":{"line":4,"column":5}},"loc":{"start":{"line":4,"column":73},"end":{"line":11,"column":5}},"line":4},"1":{"name":"(anonymous_1)","decl":{"start":{"line":12,"column":4},"end":{"line":12,"column":5}},"loc":{"start":{"line":12,"column":16},"end":{"line":17,"column":5}},"line":12},"2":{"name":"(anonymous_2)","decl":{"start":{"line":18,"column":4},"end":{"line":18,"column":5}},"loc":{"start":{"line":18,"column":17},"end":{"line":23,"column":5}},"line":18}},"branchMap":{"0":{"loc":{"start":{"line":13,"column":8},"end":{"line":15,"column":9}},"type":"if","locations":[{"start":{"line":13,"column":8},"end":{"line":15,"column":9}},{"start":{},"end":{}}],"line":13},"1":{"loc":{"start":{"line":19,"column":8},"end":{"line":21,"column":9}},"type":"if","locations":[{"start":{"line":19,"column":8},"end":{"line":21,"column":9}},{"start":{},"end":{}}],"line":19},"2":{"loc":{"start":{"line":19,"column":12},"end":{"line":19,"column":41}},"type":"binary-expr","locations":[{"start":{"line":19,"column":12},"end":{"line":19,"column":23}},{"start":{"line":19,"column":27},"end":{"line":19,"column":41}}],"line":19}},"s":{"0":4,"1":18,"2":18,"3":18,"4":18,"5":18,"6":18,"7":17,"8":8,"9":9,"10":17,"11":8,"12":9,"13":4},"f":{"0":18,"1":17,"2":17},"b":{"0":[8,9],"1":[8,9],"2":[17,8]},"_coverageSchema":"1a1c01bbd47fc00a2c39e90264f33305004495a9","hash":"450e3d9dfec3c621810ebb38ecdd6bdb66bd24f7"}
,"C:\\max\\Curso Clean Code e Clean Architecture\\dist\\src\\Order.js": {"path":"C:\\max\\Curso Clean Code e Clean Architecture\\dist\\src\\Order.js","statementMap":{"0":{"start":{"line":2,"column":22},"end":{"line":4,"column":1}},"1":{"start":{"line":3,"column":4},"end":{"line":3,"column":62}},"2":{"start":{"line":5,"column":0},"end":{"line":5,"column":62}},"3":{"start":{"line":6,"column":14},"end":{"line":6,"column":47}},"4":{"start":{"line":7,"column":18},"end":{"line":7,"column":55}},"5":{"start":{"line":8,"column":20},"end":{"line":8,"column":59}},"6":{"start":{"line":11,"column":8},"end":{"line":11,"column":35}},"7":{"start":{"line":12,"column":8},"end":{"line":12,"column":42}},"8":{"start":{"line":13,"column":8},"end":{"line":13,"column":29}},"9":{"start":{"line":14,"column":8},"end":{"line":14,"column":47}},"10":{"start":{"line":17,"column":8},"end":{"line":17,"column":45}},"11":{"start":{"line":18,"column":8},"end":{"line":18,"column":89}},"12":{"start":{"line":21,"column":8},"end":{"line":23,"column":9}},"13":{"start":{"line":22,"column":12},"end":{"line":22,"column":33}},"14":{"start":{"line":26,"column":20},"end":{"line":26,"column":21}},"15":{"start":{"line":27,"column":8},"end":{"line":29,"column":9}},"16":{"start":{"line":28,"column":12},"end":{"line":28,"column":42}},"17":{"start":{"line":30,"column":8},"end":{"line":32,"column":9}},"18":{"start":{"line":31,"column":12},"end":{"line":31,"column":58}},"19":{"start":{"line":33,"column":8},"end":{"line":33,"column":41}},"20":{"start":{"line":34,"column":8},"end":{"line":34,"column":21}},"21":{"start":{"line":37,"column":0},"end":{"line":37,"column":24}}},"fnMap":{"0":{"name":"(anonymous_0)","decl":{"start":{"line":2,"column":56},"end":{"line":2,"column":57}},"loc":{"start":{"line":2,"column":71},"end":{"line":4,"column":1}},"line":2},"1":{"name":"(anonymous_1)","decl":{"start":{"line":10,"column":4},"end":{"line":10,"column":5}},"loc":{"start":{"line":10,"column":45},"end":{"line":15,"column":5}},"line":10},"2":{"name":"(anonymous_2)","decl":{"start":{"line":16,"column":4},"end":{"line":16,"column":5}},"loc":{"start":{"line":16,"column":28},"end":{"line":19,"column":5}},"line":16},"3":{"name":"(anonymous_3)","decl":{"start":{"line":20,"column":4},"end":{"line":20,"column":5}},"loc":{"start":{"line":20,"column":22},"end":{"line":24,"column":5}},"line":20},"4":{"name":"(anonymous_4)","decl":{"start":{"line":25,"column":4},"end":{"line":25,"column":5}},"loc":{"start":{"line":25,"column":15},"end":{"line":35,"column":5}},"line":25}},"branchMap":{"0":{"loc":{"start":{"line":2,"column":22},"end":{"line":4,"column":1}},"type":"binary-expr","locations":[{"start":{"line":2,"column":23},"end":{"line":2,"column":27}},{"start":{"line":2,"column":31},"end":{"line":2,"column":51}},{"start":{"line":2,"column":56},"end":{"line":4,"column":1}}],"line":2},"1":{"loc":{"start":{"line":3,"column":11},"end":{"line":3,"column":61}},"type":"cond-expr","locations":[{"start":{"line":3,"column":37},"end":{"line":3,"column":40}},{"start":{"line":3,"column":43},"end":{"line":3,"column":61}}],"line":3},"2":{"loc":{"start":{"line":3,"column":12},"end":{"line":3,"column":33}},"type":"binary-expr","locations":[{"start":{"line":3,"column":12},"end":{"line":3,"column":15}},{"start":{"line":3,"column":19},"end":{"line":3,"column":33}}],"line":3},"3":{"loc":{"start":{"line":10,"column":21},"end":{"line":10,"column":43}},"type":"default-arg","locations":[{"start":{"line":10,"column":33},"end":{"line":10,"column":43}}],"line":10},"4":{"loc":{"start":{"line":21,"column":8},"end":{"line":23,"column":9}},"type":"if","locations":[{"start":{"line":21,"column":8},"end":{"line":23,"column":9}},{"start":{},"end":{}}],"line":21},"5":{"loc":{"start":{"line":30,"column":8},"end":{"line":32,"column":9}},"type":"if","locations":[{"start":{"line":30,"column":8},"end":{"line":32,"column":9}},{"start":{},"end":{}}],"line":30}},"s":{"0":1,"1":3,"2":1,"3":1,"4":1,"5":1,"6":7,"7":7,"8":5,"9":5,"10":13,"11":13,"12":2,"13":1,"14":5,"15":5,"16":13,"17":5,"18":1,"19":5,"20":5,"21":1},"f":{"0":3,"1":7,"2":13,"3":2,"4":5},"b":{"0":[1,1,1],"1":[3,0],"2":[3,3],"3":[5],"4":[1,1],"5":[1,4]},"_coverageSchema":"1a1c01bbd47fc00a2c39e90264f33305004495a9","hash":"edca1281c40e20b3c66ad9d1a2b5f4fbbe24ed41"}
,"C:\\max\\Curso Clean Code e Clean Architecture\\dist\\src\\OrderItem.js": {"path":"C:\\max\\Curso Clean Code e Clean Architecture\\dist\\src\\OrderItem.js","statementMap":{"0":{"start":{"line":2,"column":0},"end":{"line":2,"column":62}},"1":{"start":{"line":5,"column":8},"end":{"line":5,"column":29}},"2":{"start":{"line":6,"column":8},"end":{"line":6,"column":27}},"3":{"start":{"line":7,"column":8},"end":{"line":7,"column":33}},"4":{"start":{"line":10,"column":8},"end":{"line":10,"column":42}},"5":{"start":{"line":13,"column":0},"end":{"line":13,"column":28}}},"fnMap":{"0":{"name":"(anonymous_0)","decl":{"start":{"line":4,"column":4},"end":{"line":4,"column":5}},"loc":{"start":{"line":4,"column":41},"end":{"line":8,"column":5}},"line":4},"1":{"name":"(anonymous_1)","decl":{"start":{"line":9,"column":4},"end":{"line":9,"column":5}},"loc":{"start":{"line":9,"column":15},"end":{"line":11,"column":5}},"line":9}},"branchMap":{},"s":{"0":2,"1":14,"2":14,"3":14,"4":14,"5":2},"f":{"0":14,"1":14},"b":{},"_coverageSchema":"1a1c01bbd47fc00a2c39e90264f33305004495a9","hash":"99f51fafc8d5111e43f0ecd0d694200acca3e5cc"}
}
