TN:
SF:dist\src\Coupon.js
FN:4,(anonymous_0)
FNF:1
FNH:1
FNDA:2,(anonymous_0)
DA:2,2
DA:5,2
DA:6,2
DA:9,2
LF:4
LH:4
BRF:0
BRH:0
end_of_record
TN:
SF:dist\src\Cpf.js
FN:4,(anonymous_0)
FN:11,(anonymous_1)
FN:14,(anonymous_2)
FN:28,(anonymous_3)
FN:31,(anonymous_4)
FN:34,(anonymous_5)
FN:36,(anonymous_6)
FN:38,(anonymous_7)
FN:47,(anonymous_8)
FNF:9
FNH:9
FNDA:10,(anonymous_0)
FNDA:1,(anonymous_1)
FNDA:10,(anonymous_2)
FNDA:9,(anonymous_3)
FNDA:9,(anonymous_4)
FNDA:7,(anonymous_5)
FNDA:41,(anonymous_6)
FNDA:8,(anonymous_7)
FNDA:4,(anonymous_8)
DA:2,2
DA:5,10
DA:6,10
DA:7,10
DA:8,7
DA:9,3
DA:12,1
DA:15,10
DA:16,1
DA:17,9
DA:18,9
DA:19,2
DA:20,7
DA:21,3
DA:22,4
DA:23,4
DA:24,4
DA:25,4
DA:26,4
DA:29,9
DA:32,9
DA:35,7
DA:36,41
DA:39,8
DA:40,8
DA:41,88
DA:42,76
DA:44,8
DA:45,8
DA:48,4
DA:51,2
LF:31
LH:31
BRDA:7,0,0,7
BRDA:7,0,1,3
BRDA:15,1,0,1
BRDA:15,1,1,9
BRDA:18,2,0,2
BRDA:18,2,1,7
BRDA:20,3,0,3
BRDA:20,3,1,4
BRDA:41,4,0,76
BRDA:41,4,1,12
BRDA:45,5,0,4
BRDA:45,5,1,4
BRF:12
BRH:12
end_of_record
TN:
SF:dist\src\Item.js
FN:4,(anonymous_0)
FNF:1
FNH:1
FNDA:7,(anonymous_0)
DA:2,2
DA:5,7
DA:6,7
DA:7,7
DA:8,7
DA:11,2
LF:6
LH:6
BRF:0
BRH:0
end_of_record
TN:
SF:dist\src\Order.js
FN:2,(anonymous_0)
FN:9,(anonymous_1)
FN:13,(anonymous_2)
FN:16,(anonymous_3)
FN:19,(anonymous_4)
FNF:5
FNH:5
FNDA:2,(anonymous_0)
FNDA:4,(anonymous_1)
FNDA:6,(anonymous_2)
FNDA:1,(anonymous_3)
FNDA:2,(anonymous_4)
DA:2,1
DA:3,2
DA:5,1
DA:6,1
DA:7,1
DA:10,4
DA:11,2
DA:14,6
DA:17,1
DA:20,2
DA:21,2
DA:22,6
DA:24,2
DA:25,1
DA:27,2
DA:30,1
LF:16
LH:16
BRDA:2,0,0,1
BRDA:2,0,1,1
BRDA:2,0,2,1
BRDA:3,1,0,2
BRDA:3,1,1,0
BRDA:3,2,0,2
BRDA:3,2,1,2
BRDA:24,3,0,1
BRDA:24,3,1,1
BRF:9
BRH:8
end_of_record
TN:
SF:dist\src\OrderItem.js
FN:4,(anonymous_0)
FN:9,(anonymous_1)
FNF:2
FNH:2
FNDA:7,(anonymous_0)
FNDA:7,(anonymous_1)
DA:2,2
DA:5,7
DA:6,7
DA:7,7
DA:10,7
DA:13,2
LF:6
LH:6
BRF:0
BRH:0
end_of_record
