TN:
SF:dist\src\application\usecase\PlaceOrder.js
FN:2,(anonymous_0)
FN:9,(anonymous_1)
FN:14,(anonymous_2)
FNF:3
FNH:3
FNDA:2,(anonymous_0)
FNDA:2,(anonymous_1)
FNDA:2,(anonymous_2)
DA:2,1
DA:3,2
DA:5,1
DA:6,1
DA:7,1
DA:10,2
DA:11,2
DA:12,2
DA:15,2
DA:16,2
DA:17,4
DA:18,4
DA:19,1
DA:20,3
DA:22,1
DA:23,1
DA:24,1
DA:25,1
DA:27,1
DA:28,1
DA:29,1
DA:30,1
DA:33,1
LF:23
LH:23
BRDA:2,0,0,1
BRDA:2,0,1,1
BRDA:2,0,2,1
BRDA:3,1,0,2
BRDA:3,1,1,0
BRDA:3,2,0,2
BRDA:3,2,1,2
BRDA:18,3,0,1
BRDA:18,3,1,3
BRDA:22,4,0,1
BRDA:22,4,1,0
BRDA:24,5,0,1
BRDA:24,5,1,0
BRF:13
BRH:10
end_of_record
TN:
SF:dist\src\application\usecase\PlaceOrderOutput.js
FN:4,(anonymous_0)
FNF:1
FNH:1
FNDA:1,(anonymous_0)
DA:2,1
DA:5,1
DA:8,1
LF:3
LH:3
BRF:0
BRH:0
end_of_record
TN:
SF:dist\src\domain\entity\Coupon.js
FN:4,(anonymous_0)
FN:9,(anonymous_1)
FN:14,(anonymous_2)
FNF:3
FNH:3
FNDA:7,(anonymous_0)
FNDA:5,(anonymous_1)
FNDA:3,(anonymous_2)
DA:2,3
DA:5,7
DA:6,7
DA:7,7
DA:10,5
DA:11,3
DA:12,2
DA:15,3
DA:18,3
LF:9
LH:9
BRDA:9,0,0,1
BRDA:10,1,0,3
BRDA:10,1,1,2
BRF:3
BRH:3
end_of_record
TN:
SF:dist\src\domain\entity\Cpf.js
FN:4,(anonymous_0)
FN:11,(anonymous_1)
FN:14,(anonymous_2)
FN:28,(anonymous_3)
FN:31,(anonymous_4)
FN:34,(anonymous_5)
FN:36,(anonymous_6)
FN:38,(anonymous_7)
FN:47,(anonymous_8)
FNF:9
FNH:9
FNDA:15,(anonymous_0)
FNDA:1,(anonymous_1)
FNDA:15,(anonymous_2)
FNDA:14,(anonymous_3)
FNDA:14,(anonymous_4)
FNDA:12,(anonymous_5)
FNDA:51,(anonymous_6)
FNDA:18,(anonymous_7)
FNDA:9,(anonymous_8)
DA:2,3
DA:5,15
DA:6,15
DA:7,15
DA:8,7
DA:9,8
DA:12,1
DA:15,15
DA:16,1
DA:17,14
DA:18,14
DA:19,2
DA:20,12
DA:21,3
DA:22,9
DA:23,9
DA:24,9
DA:25,9
DA:26,9
DA:29,14
DA:32,14
DA:35,12
DA:36,51
DA:39,18
DA:40,18
DA:41,198
DA:42,171
DA:44,18
DA:45,18
DA:48,9
DA:51,3
LF:31
LH:31
BRDA:7,0,0,7
BRDA:7,0,1,8
BRDA:15,1,0,1
BRDA:15,1,1,14
BRDA:18,2,0,2
BRDA:18,2,1,12
BRDA:20,3,0,3
BRDA:20,3,1,9
BRDA:41,4,0,171
BRDA:41,4,1,27
BRDA:45,5,0,9
BRDA:45,5,1,9
BRF:12
BRH:12
end_of_record
TN:
SF:dist\src\domain\entity\Dimension.js
FN:4,(anonymous_0)
FN:9,(anonymous_1)
FNF:2
FNH:2
FNDA:10,(anonymous_0)
FNDA:17,(anonymous_1)
DA:2,5
DA:5,10
DA:6,10
DA:7,10
DA:10,17
DA:13,5
LF:6
LH:6
BRF:0
BRH:0
end_of_record
TN:
SF:dist\src\domain\entity\Freight.js
FN:4,(anonymous_0)
FN:8,(anonymous_1)
FN:11,(anonymous_2)
FNF:3
FNH:3
FNDA:9,(anonymous_0)
FNDA:18,(anonymous_1)
FNDA:8,(anonymous_2)
DA:2,3
DA:5,9
DA:6,9
DA:9,18
DA:12,8
DA:13,2
DA:15,6
DA:18,3
LF:8
LH:8
BRDA:12,0,0,2
BRDA:12,0,1,6
BRDA:12,1,0,8
BRDA:12,1,1,4
BRF:4
BRH:4
end_of_record
TN:
SF:dist\src\domain\entity\FreightCalculator.js
FN:4,(anonymous_0)
FNF:1
FNH:1
FNDA:1,(anonymous_0)
DA:2,1
DA:5,1
DA:8,1
LF:3
LH:3
BRF:0
BRH:0
end_of_record
TN:
SF:dist\src\domain\entity\Item.js
FN:4,(anonymous_0)
FN:12,(anonymous_1)
FN:18,(anonymous_2)
FNF:3
FNH:3
FNDA:24,(anonymous_0)
FNDA:20,(anonymous_1)
FNDA:20,(anonymous_2)
DA:2,5
DA:5,24
DA:6,24
DA:7,24
DA:8,24
DA:9,24
DA:10,24
DA:13,20
DA:14,8
DA:16,12
DA:19,20
DA:20,8
DA:22,12
DA:25,5
LF:14
LH:14
BRDA:13,0,0,8
BRDA:13,0,1,12
BRDA:19,1,0,8
BRDA:19,1,1,12
BRDA:19,2,0,20
BRDA:19,2,1,8
BRF:6
BRH:6
end_of_record
TN:
SF:dist\src\domain\entity\Order.js
FN:2,(anonymous_0)
FN:10,(anonymous_1)
FN:16,(anonymous_2)
FN:20,(anonymous_3)
FN:25,(anonymous_4)
FNF:5
FNH:5
FNDA:6,(anonymous_0)
FNDA:9,(anonymous_1)
FNDA:16,(anonymous_2)
FNDA:3,(anonymous_3)
FNDA:6,(anonymous_4)
DA:2,2
DA:3,6
DA:5,2
DA:6,2
DA:7,2
DA:8,2
DA:11,9
DA:12,9
DA:13,7
DA:14,7
DA:17,16
DA:18,16
DA:21,3
DA:22,2
DA:26,6
DA:27,6
DA:28,16
DA:30,6
DA:31,2
DA:33,6
DA:34,6
DA:37,2
LF:22
LH:22
BRDA:2,0,0,2
BRDA:2,0,1,2
BRDA:2,0,2,2
BRDA:3,1,0,6
BRDA:3,1,1,0
BRDA:3,2,0,6
BRDA:3,2,1,6
BRDA:10,3,0,7
BRDA:21,4,0,2
BRDA:21,4,1,1
BRDA:30,5,0,2
BRDA:30,5,1,4
BRF:12
BRH:11
end_of_record
TN:
SF:dist\src\domain\entity\OrderItem.js
FN:4,(anonymous_0)
FN:9,(anonymous_1)
FNF:2
FNH:2
FNDA:17,(anonymous_0)
FNDA:17,(anonymous_1)
DA:2,3
DA:5,17
DA:6,17
DA:7,17
DA:10,17
DA:13,3
LF:6
LH:6
BRF:0
BRH:0
end_of_record
TN:
SF:dist\src\infra\repository\memory\CouponRepositoryMemory.js
FN:2,(anonymous_0)
FN:8,(anonymous_1)
FN:13,(anonymous_2)
FN:14,(anonymous_3)
FNF:4
FNH:4
FNDA:1,(anonymous_0)
FNDA:2,(anonymous_1)
FNDA:1,(anonymous_2)
FNDA:1,(anonymous_3)
DA:2,1
DA:3,1
DA:5,1
DA:6,1
DA:9,2
DA:14,1
DA:17,1
LF:7
LH:7
BRDA:2,0,0,1
BRDA:2,0,1,1
BRDA:2,0,2,1
BRDA:3,1,0,1
BRDA:3,1,1,0
BRDA:3,2,0,1
BRDA:3,2,1,1
BRF:7
BRH:6
end_of_record
TN:
SF:dist\src\infra\repository\memory\ItemRepositoryMemory.js
FN:2,(anonymous_0)
FN:8,(anonymous_1)
FN:15,(anonymous_2)
FN:16,(anonymous_3)
FNF:4
FNH:4
FNDA:1,(anonymous_0)
FNDA:2,(anonymous_1)
FNDA:4,(anonymous_2)
FNDA:9,(anonymous_3)
DA:2,1
DA:3,1
DA:5,1
DA:6,1
DA:9,2
DA:16,9
DA:19,1
LF:7
LH:7
BRDA:2,0,0,1
BRDA:2,0,1,1
BRDA:2,0,2,1
BRDA:3,1,0,1
BRDA:3,1,1,0
BRDA:3,2,0,1
BRDA:3,2,1,1
BRF:7
BRH:6
end_of_record
TN:
SF:dist\src\infra\repository\memory\OrderRepositoryMemory.js
FN:4,(anonymous_0)
FN:7,(anonymous_1)
FNF:2
FNH:2
FNDA:2,(anonymous_0)
FNDA:1,(anonymous_1)
DA:2,1
DA:5,2
DA:8,1
DA:11,1
LF:4
LH:4
BRF:0
BRH:0
end_of_record
